2024 183  0 13 198   -27 176.3
2024 183  1 13 198   -27 176.3
2024 183  2 13 198   -27 176.3
2024 183  3 13 198   -26 176.3
2024 183  4 13 198   -28 176.3
2024 183  5 13 198   -28 176.3
2024 183  6 17 198   -25 176.3
2024 183  7 17 198   -20 176.3
2024 183  8 17 198   -18 176.3
2024 183  9 13 198   -22 176.3
2024 183 10 13 198   -22 176.3
2024 183 11 13 198   -21 176.3
2024 183 12 17 198   -26 176.3
2024 183 13 17 198   -30 176.3
2024 183 14 17 198   -28 176.3
2024 183 15 17 198   -23 176.3
2024 183 16 17 198   -22 176.3
2024 183 17 17 198   -19 176.3
2024 183 18 10 198   -16 176.3
2024 183 19 10 198   -15 176.3
2024 183 20 10 198   -13 176.3
2024 183 21  3 198   -11 176.3
2024 183 22  3 198   -11 176.3
2024 183 23  3 198   -14 176.3
2024 184  0 10 197   -15 169.3
