2024 183  0 13 198   -27 176.3
2024 183  1 13 198   -27 176.3
2024 183  2 13 198   -27 176.3
2024 183  3 13 198   -26 176.3
2024 183  4 13 198   -28 176.3
2024 183  5 13 198   -28 176.3
2024 183  6 17 198   -25 176.3
2024 183  7 17 198   -20 176.3
2024 183  8 17 198   -18 176.3
2024 183  9 13 198   -22 176.3
2024 183 10 13 198   -22 176.3
2024 183 11 13 198   -21 176.3
2024 183 12 17 198   -26 176.3
2024 183 13 17 198   -30 176.3
2024 183 14 17 198   -28 176.3
2024 183 15 17 198   -23 176.3
2024 183 16 17 198   -22 176.3
2024 183 17 17 198   -19 176.3
2024 183 18 10 198   -16 176.3
2024 183 19 10 198   -15 176.3
2024 183 20 10 198   -13 176.3
2024 183 21  3 198   -11 176.3
2024 183 22  3 198   -11 176.3
2024 183 23  3 198   -14 176.3
2024 184  0 10 197   -15 169.3
2024 184  1 10 197   -14 169.3
2024 184  2 10 197   -15 169.3
2024 184  3 13 197   -20 169.3
2024 184  4 13 197   -20 169.3
2024 184  5 13 197   -19 169.3
2024 184  6  7 197   -17 169.3
2024 184  7  7 197   -15 169.3
2024 184  8  7 197   -13 169.3
2024 184  9  7 197   -12 169.3
2024 184 10  7 197   -11 169.3
2024 184 11  7 197   -10 169.3
2024 184 12 13 197   -11 169.3
2024 184 13 13 197   -12 169.3
2024 184 14 13 197   -13 169.3
2024 184 15  7 197   -14 169.3
2024 184 16  7 197   -14 169.3
2024 184 17  7 197   -16 169.3
2024 184 18 10 197   -14 169.3
2024 184 19 10 197   -12 169.3
2024 184 20 10 197   -10 169.3
2024 184 21 13 197    -6 169.3
2024 184 22 13 197    -5 169.3
2024 184 23 13 197    -5 169.3
